# JRE version: OpenJDK Runtime Environment Temurin-21.0.9+10 (21.0.9+10) (build 21.0.9+10-LTS)
# Java VM: OpenJDK 64-Bit Server VM Temurin-21.0.9+10 (21.0.9+10-LTS, mixed mode, sharing, tiered, compressed oops, compressed class ptrs, parallel gc, windows-amd64)
GC Precious Log:
 CardTable entry size: 512
 CPUs: 4 total, 4 available
 Memory: 8071M
 Large Page Support: Disabled
 NUMA Support: Disabled
 Compressed Oops: Enabled (32-bit)
 Alignments: Space 512K, Generation 512K, Heap 2M
 Heap Min Capacity: 100M
 Heap Initial Capacity: 100M
 Heap Max Capacity: 2G
 Pre-touch: Disabled
 Parallel Workers: 4
Heap:
 PSYoungGen      total 2560K, used 684K [0x00000000d5580000, 0x00000000d5900000, 0x0000000100000000)
  eden space 1536K, 38% used [0x00000000d5580000,0x00000000d56131a0,0x00000000d5700000)
  from space 1024K, 9% used [0x00000000d5700000,0x00000000d5718000,0x00000000d5800000)
  to   space 512K, 0% used [0x00000000d5880000,0x00000000d5880000,0x00000000d5900000)
 ParOldGen       total 568832K, used 568772K [0x0000000080000000, 0x00000000a2b80000, 0x00000000d5580000)
  object space 568832K, 99% used [0x0000000080000000,0x00000000a2b713b0,0x00000000a2b80000)
 Metaspace       used 77537K, committed 79168K, reserved 1179648K
  class space    used 8325K, committed 8960K, reserved 1048576K
GC Heap History (20 events):
Event: 1549.652 GC heap before
{Heap before GC invocations=479 (full 3):
 PSYoungGen      total 2048K, used 1997K [0x00000000d5580000, 0x00000000d5980000, 0x0000000100000000)
  eden space 1536K, 100% used [0x00000000d5580000,0x00000000d5700000,0x00000000d5700000)
  from space 512K, 90% used [0x00000000d5700000,0x00000000d57735d0,0x00000000d5780000)
  to   space 1024K, 0% used [0x00000000d5880000,0x00000000d5880000,0x00000000d5980000)
 ParOldGen       total 562688K, used 562518K [0x0000000080000000, 0x00000000a2580000, 0x00000000d5580000)
  object space 562688K, 99% used [0x0000000080000000,0x00000000a2555898,0x00000000a2580000)
 Metaspace       used 77348K, committed 78976K, reserved 1179648K
  class space    used 8321K, committed 8960K, reserved 1048576K
}
Event: 1549.657 GC heap after
{Heap after GC invocations=479 (full 3):
 PSYoungGen      total 2048K, used 480K [0x00000000d5580000, 0x00000000d5900000, 0x0000000100000000)
  eden space 1536K, 0% used [0x00000000d5580000,0x00000000d5580000,0x00000000d5700000)
  from space 512K, 93% used [0x00000000d5880000,0x00000000d58f8000,0x00000000d5900000)
  to   space 512K, 0% used [0x00000000d5700000,0x00000000d5700000,0x00000000d5780000)
 ParOldGen       total 563200K, used 562891K [0x0000000080000000, 0x00000000a2600000, 0x00000000d5580000)
  object space 563200K, 99% used [0x0000000080000000,0x00000000a25b2f00,0x00000000a2600000)
 Metaspace       used 77348K, committed 78976K, reserved 1179648K
  class space    used 8321K, committed 8960K, reserved 1048576K
}
Event: 1549.672 GC heap before
{Heap before GC invocations=480 (full 3):
 PSYoungGen      total 2048K, used 2016K [0x00000000d5580000, 0x00000000d5900000, 0x0000000100000000)
  eden space 1536K, 100% used [0x00000000d5580000,0x00000000d5700000,0x00000000d5700000)
  from space 512K, 93% used [0x00000000d5880000,0x00000000d58f8000,0x00000000d5900000)
  to   space 512K, 0% used [0x00000000d5700000,0x00000000d5700000,0x00000000d5780000)
 ParOldGen       total 563200K, used 562891K [0x0000000080000000, 0x00000000a2600000, 0x00000000d5580000)
  object space 563200K, 99% used [0x0000000080000000,0x00000000a25b2f00,0x00000000a2600000)
 Metaspace       used 77348K, committed 78976K, reserved 1179648K
  class space    used 8321K, committed 8960K, reserved 1048576K
}
Event: 1549.676 GC heap after
{Heap after GC invocations=480 (full 3):
 PSYoungGen      total 2048K, used 512K [0x00000000d5580000, 0x00000000d5900000, 0x0000000100000000)
  eden space 1536K, 0% used [0x00000000d5580000,0x00000000d5580000,0x00000000d5700000)
  from space 512K, 100% used [0x00000000d5700000,0x00000000d5780000,0x00000000d5780000)
  to   space 1024K, 0% used [0x00000000d5800000,0x00000000d5800000,0x00000000d5900000)
 ParOldGen       total 563712K, used 563363K [0x0000000080000000, 0x00000000a2680000, 0x00000000d5580000)
  object space 563712K, 99% used [0x0000000080000000,0x00000000a2628f00,0x00000000a2680000)
 Metaspace       used 77348K, committed 78976K, reserved 1179648K
  class space    used 8321K, committed 8960K, reserved 1048576K
}
Event: 1549.687 GC heap before
{Heap before GC invocations=481 (full 3):
 PSYoungGen      total 2048K, used 2048K [0x00000000d5580000, 0x00000000d5900000, 0x0000000100000000)
  eden space 1536K, 100% used [0x00000000d5580000,0x00000000d5700000,0x00000000d5700000)
  from space 512K, 100% used [0x00000000d5700000,0x00000000d5780000,0x00000000d5780000)
  to   space 1024K, 0% used [0x00000000d5800000,0x00000000d5800000,0x00000000d5900000)
 ParOldGen       total 563712K, used 563363K [0x0000000080000000, 0x00000000a2680000, 0x00000000d5580000)
  object space 563712K, 99% used [0x0000000080000000,0x00000000a2628f00,0x00000000a2680000)
 Metaspace       used 77348K, committed 78976K, reserved 1179648K
  class space    used 8321K, committed 8960K, reserved 1048576K
}
Event: 1549.690 GC heap after
{Heap after GC invocations=481 (full 3):
 PSYoungGen      total 2560K, used 544K [0x00000000d5580000, 0x00000000d5900000, 0x0000000100000000)
  eden space 1536K, 0% used [0x00000000d5580000,0x00000000d5580000,0x00000000d5700000)
  from space 1024K, 53% used [0x00000000d5800000,0x00000000d5888010,0x00000000d5900000)
  to   space 1024K, 0% used [0x00000000d5700000,0x00000000d5700000,0x00000000d5800000)
 ParOldGen       total 564224K, used 563835K [0x0000000080000000, 0x00000000a2700000, 0x00000000d5580000)
  object space 564224K, 99% used [0x0000000080000000,0x00000000a269ef00,0x00000000a2700000)
 Metaspace       used 77348K, committed 78976K, reserved 1179648K
  class space    used 8321K, committed 8960K, reserved 1048576K
}
Event: 1549.707 GC heap before
{Heap before GC invocations=482 (full 3):
 PSYoungGen      total 2560K, used 2077K [0x00000000d5580000, 0x00000000d5900000, 0x0000000100000000)
  eden space 1536K, 99% used [0x00000000d5580000,0x00000000d56ff668,0x00000000d5700000)
  from space 1024K, 53% used [0x00000000d5800000,0x00000000d5888010,0x00000000d5900000)
  to   space 1024K, 0% used [0x00000000d5700000,0x00000000d5700000,0x00000000d5800000)
 ParOldGen       total 564224K, used 563835K [0x0000000080000000, 0x00000000a2700000, 0x00000000d5580000)
  object space 564224K, 99% used [0x0000000080000000,0x00000000a269ef00,0x00000000a2700000)
 Metaspace       used 77353K, committed 78976K, reserved 1179648K
  class space    used 8322K, committed 8960K, reserved 1048576K
}
Event: 1549.711 GC heap after
{Heap after GC invocations=482 (full 3):
 PSYoungGen      total 2560K, used 527K [0x00000000d5580000, 0x00000000d5900000, 0x0000000100000000)
  eden space 1536K, 0% used [0x00000000d5580000,0x00000000d5580000,0x00000000d5700000)
  from space 1024K, 51% used [0x00000000d5700000,0x00000000d5783cd8,0x00000000d5800000)
  to   space 1024K, 0% used [0x00000000d5800000,0x00000000d5800000,0x00000000d5900000)
 ParOldGen       total 564736K, used 564323K [0x0000000080000000, 0x00000000a2780000, 0x00000000d5580000)
  object space 564736K, 99% used [0x0000000080000000,0x00000000a2718f10,0x00000000a2780000)
 Metaspace       used 77353K, committed 78976K, reserved 1179648K
  class space    used 8322K, committed 8960K, reserved 1048576K
}
Event: 1549.775 GC heap before
{Heap before GC invocations=483 (full 3):
 PSYoungGen      total 2560K, used 2063K [0x00000000d5580000, 0x00000000d5900000, 0x0000000100000000)
  eden space 1536K, 100% used [0x00000000d5580000,0x00000000d5700000,0x00000000d5700000)
  from space 1024K, 51% used [0x00000000d5700000,0x00000000d5783cd8,0x00000000d5800000)
  to   space 1024K, 0% used [0x00000000d5800000,0x00000000d5800000,0x00000000d5900000)
 ParOldGen       total 564736K, used 564323K [0x0000000080000000, 0x00000000a2780000, 0x00000000d5580000)
  object space 564736K, 99% used [0x0000000080000000,0x00000000a2718f10,0x00000000a2780000)
 Metaspace       used 77407K, committed 79040K, reserved 1179648K
  class space    used 8324K, committed 8960K, reserved 1048576K
}
Event: 1549.780 GC heap after
{Heap after GC invocations=483 (full 3):
 PSYoungGen      total 2048K, used 320K [0x00000000d5580000, 0x00000000d5880000, 0x0000000100000000)
  eden space 1536K, 0% used [0x00000000d5580000,0x00000000d5580000,0x00000000d5700000)
  from space 512K, 62% used [0x00000000d5800000,0x00000000d5850010,0x00000000d5880000)
  to   space 512K, 0% used [0x00000000d5780000,0x00000000d5780000,0x00000000d5800000)
 ParOldGen       total 565248K, used 564763K [0x0000000080000000, 0x00000000a2800000, 0x00000000d5580000)
  object space 565248K, 99% used [0x0000000080000000,0x00000000a2786f10,0x00000000a2800000)
 Metaspace       used 77407K, committed 79040K, reserved 1179648K
  class space    used 8324K, committed 8960K, reserved 1048576K
}
Event: 1549.792 GC heap before
{Heap before GC invocations=484 (full 3):
 PSYoungGen      total 2048K, used 1856K [0x00000000d5580000, 0x00000000d5880000, 0x0000000100000000)
  eden space 1536K, 100% used [0x00000000d5580000,0x00000000d5700000,0x00000000d5700000)
  from space 512K, 62% used [0x00000000d5800000,0x00000000d5850010,0x00000000d5880000)
  to   space 512K, 0% used [0x00000000d5780000,0x00000000d5780000,0x00000000d5800000)
 ParOldGen       total 565248K, used 564763K [0x0000000080000000, 0x00000000a2800000, 0x00000000d5580000)
  object space 565248K, 99% used [0x0000000080000000,0x00000000a2786f10,0x00000000a2800000)
 Metaspace       used 77407K, committed 79040K, reserved 1179648K
  class space    used 8324K, committed 8960K, reserved 1048576K
}
Event: 1549.797 GC heap after
{Heap after GC invocations=484 (full 3):
 PSYoungGen      total 2048K, used 492K [0x00000000d5580000, 0x00000000d5b00000, 0x0000000100000000)
  eden space 1536K, 0% used [0x00000000d5580000,0x00000000d5580000,0x00000000d5700000)
  from space 512K, 96% used [0x00000000d5780000,0x00000000d57fb010,0x00000000d5800000)
  to   space 2048K, 0% used [0x00000000d5900000,0x00000000d5900000,0x00000000d5b00000)
 ParOldGen       total 566272K, used 565992K [0x0000000080000000, 0x00000000a2900000, 0x00000000d5580000)
  object space 566272K, 99% used [0x0000000080000000,0x00000000a28ba3a0,0x00000000a2900000)
 Metaspace       used 77407K, committed 79040K, reserved 1179648K
  class space    used 8324K, committed 8960K, reserved 1048576K
}
Event: 1549.809 GC heap before
{Heap before GC invocations=485 (full 3):
 PSYoungGen      total 2048K, used 2028K [0x00000000d5580000, 0x00000000d5b00000, 0x0000000100000000)
  eden space 1536K, 100% used [0x00000000d5580000,0x00000000d5700000,0x00000000d5700000)
  from space 512K, 96% used [0x00000000d5780000,0x00000000d57fb010,0x00000000d5800000)
  to   space 2048K, 0% used [0x00000000d5900000,0x00000000d5900000,0x00000000d5b00000)
 ParOldGen       total 566272K, used 565992K [0x0000000080000000, 0x00000000a2900000, 0x00000000d5580000)
  object space 566272K, 99% used [0x0000000080000000,0x00000000a28ba3a0,0x00000000a2900000)
 Metaspace       used 77407K, committed 79040K, reserved 1179648K
  class space    used 8324K, committed 8960K, reserved 1048576K
}
Event: 1549.814 GC heap after
{Heap after GC invocations=485 (full 3):
 PSYoungGen      total 3584K, used 1536K [0x00000000d5580000, 0x00000000d5b00000, 0x0000000100000000)
  eden space 1536K, 0% used [0x00000000d5580000,0x00000000d5580000,0x00000000d5700000)
  from space 2048K, 75% used [0x00000000d5900000,0x00000000d5a80000,0x00000000d5b00000)
  to   space 2048K, 0% used [0x00000000d5700000,0x00000000d5700000,0x00000000d5900000)
 ParOldGen       total 566784K, used 566500K [0x0000000080000000, 0x00000000a2980000, 0x00000000d5580000)
  object space 566784K, 99% used [0x0000000080000000,0x00000000a29393b0,0x00000000a2980000)
 Metaspace       used 77407K, committed 79040K, reserved 1179648K
  class space    used 8324K, committed 8960K, reserved 1048576K
}
Event: 31923.404 GC heap before
{Heap before GC invocations=486 (full 3):
 PSYoungGen      total 3584K, used 3071K [0x00000000d5580000, 0x00000000d5b00000, 0x0000000100000000)
  eden space 1536K, 99% used [0x00000000d5580000,0x00000000d56fffe8,0x00000000d5700000)
  from space 2048K, 75% used [0x00000000d5900000,0x00000000d5a80000,0x00000000d5b00000)
  to   space 2048K, 0% used [0x00000000d5700000,0x00000000d5700000,0x00000000d5900000)
 ParOldGen       total 566784K, used 566500K [0x0000000080000000, 0x00000000a2980000, 0x00000000d5580000)
  object space 566784K, 99% used [0x0000000080000000,0x00000000a29393b0,0x00000000a2980000)
 Metaspace       used 77470K, committed 79040K, reserved 1179648K
  class space    used 8324K, committed 8960K, reserved 1048576K
}
Event: 31923.885 GC heap after
{Heap after GC invocations=486 (full 3):
 PSYoungGen      total 2560K, used 736K [0x00000000d5580000, 0x00000000d5a00000, 0x0000000100000000)
  eden space 1536K, 0% used [0x00000000d5580000,0x00000000d5580000,0x00000000d5700000)
  from space 1024K, 71% used [0x00000000d5700000,0x00000000d57b8000,0x00000000d5800000)
  to   space 1536K, 0% used [0x00000000d5880000,0x00000000d5880000,0x00000000d5a00000)
 ParOldGen       total 568320K, used 568028K [0x0000000080000000, 0x00000000a2b00000, 0x00000000d5580000)
  object space 568320K, 99% used [0x0000000080000000,0x00000000a2ab73b0,0x00000000a2b00000)
 Metaspace       used 77470K, committed 79040K, reserved 1179648K
  class space    used 8324K, committed 8960K, reserved 1048576K
}
Event: 89555.147 GC heap before
{Heap before GC invocations=487 (full 3):
 PSYoungGen      total 2560K, used 2271K [0x00000000d5580000, 0x00000000d5a00000, 0x0000000100000000)
  eden space 1536K, 99% used [0x00000000d5580000,0x00000000d56fffe0,0x00000000d5700000)
  from space 1024K, 71% used [0x00000000d5700000,0x00000000d57b8000,0x00000000d5800000)
  to   space 1536K, 0% used [0x00000000d5880000,0x00000000d5880000,0x00000000d5a00000)
 ParOldGen       total 568320K, used 568028K [0x0000000080000000, 0x00000000a2b00000, 0x00000000d5580000)
  object space 568320K, 99% used [0x0000000080000000,0x00000000a2ab73b0,0x00000000a2b00000)
 Metaspace       used 77492K, committed 79040K, reserved 1179648K
  class space    used 8325K, committed 8960K, reserved 1048576K
}
Event: 89555.656 GC heap after
{Heap after GC invocations=487 (full 3):
 PSYoungGen      total 2048K, used 304K [0x00000000d5580000, 0x00000000d5900000, 0x0000000100000000)
  eden space 1536K, 0% used [0x00000000d5580000,0x00000000d5580000,0x00000000d5700000)
  from space 512K, 59% used [0x00000000d5880000,0x00000000d58cc030,0x00000000d5900000)
  to   space 1024K, 0% used [0x00000000d5700000,0x00000000d5700000,0x00000000d5800000)
 ParOldGen       total 568832K, used 568740K [0x0000000080000000, 0x00000000a2b80000, 0x00000000d5580000)
  object space 568832K, 99% used [0x0000000080000000,0x00000000a2b693b0,0x00000000a2b80000)
 Metaspace       used 77492K, committed 79040K, reserved 1179648K
  class space    used 8325K, committed 8960K, reserved 1048576K
}
Event: 94027.918 GC heap before
{Heap before GC invocations=488 (full 3):
 PSYoungGen      total 2048K, used 1840K [0x00000000d5580000, 0x00000000d5900000, 0x0000000100000000)
  eden space 1536K, 99% used [0x00000000d5580000,0x00000000d56fffe8,0x00000000d5700000)
  from space 512K, 59% used [0x00000000d5880000,0x00000000d58cc030,0x00000000d5900000)
  to   space 1024K, 0% used [0x00000000d5700000,0x00000000d5700000,0x00000000d5800000)
 ParOldGen       total 568832K, used 568740K [0x0000000080000000, 0x00000000a2b80000, 0x00000000d5580000)
  object space 568832K, 99% used [0x0000000080000000,0x00000000a2b693b0,0x00000000a2b80000)
 Metaspace       used 77533K, committed 79168K, reserved 1179648K
  class space    used 8325K, committed 8960K, reserved 1048576K
}
Event: 94028.557 GC heap after
{Heap after GC invocations=488 (full 3):
 PSYoungGen      total 2560K, used 96K [0x00000000d5580000, 0x00000000d5900000, 0x0000000100000000)
  eden space 1536K, 0% used [0x00000000d5580000,0x00000000d5580000,0x00000000d5700000)
  from space 1024K, 9% used [0x00000000d5700000,0x00000000d5718000,0x00000000d5800000)
  to   space 512K, 0% used [0x00000000d5880000,0x00000000d5880000,0x00000000d5900000)
 ParOldGen       total 568832K, used 568772K [0x0000000080000000, 0x00000000a2b80000, 0x00000000d5580000)
  object space 568832K, 99% used [0x0000000080000000,0x00000000a2b713b0,0x00000000a2b80000)
 Metaspace       used 77533K, committed 79168K, reserved 1179648K
  class space    used 8325K, committed 8960K, reserved 1048576K
}

