# JRE version: OpenJDK Runtime Environment Temurin-21.0.9+10 (21.0.9+10) (build 21.0.9+10-LTS)
# Java VM: OpenJDK 64-Bit Server VM Temurin-21.0.9+10 (21.0.9+10-LTS, mixed mode, sharing, tiered, compressed oops, compressed class ptrs, parallel gc, windows-amd64)
GC Precious Log:
 CardTable entry size: 512
 CPUs: 4 total, 4 available
 Memory: 8071M
 Large Page Support: Disabled
 NUMA Support: Disabled
 Compressed Oops: Enabled (32-bit)
 Alignments: Space 512K, Generation 512K, Heap 2M
 Heap Min Capacity: 100M
 Heap Initial Capacity: 100M
 Heap Max Capacity: 2G
 Pre-touch: Disabled
 Parallel Workers: 4
Heap:
 PSYoungGen      total 21504K, used 7023K [0x00000000d5580000, 0x00000000d6d00000, 0x0000000100000000)
  eden space 20992K, 32% used [0x00000000d5580000,0x00000000d5c23d10,0x00000000d6a00000)
  from space 512K, 43% used [0x00000000d6c80000,0x00000000d6cb8000,0x00000000d6d00000)
  to   space 1024K, 0% used [0x00000000d6b00000,0x00000000d6b00000,0x00000000d6c00000)
 ParOldGen       total 68608K, used 56118K [0x0000000080000000, 0x0000000084300000, 0x00000000d5580000)
  object space 68608K, 81% used [0x0000000080000000,0x00000000836cd9f8,0x0000000084300000)
 Metaspace       used 57582K, committed 58880K, reserved 1114112K
  class space    used 6219K, committed 6784K, reserved 1048576K
GC Heap History (20 events):
Event: 375.575 GC heap before
{Heap before GC invocations=35 (full 2):
 PSYoungGen      total 23040K, used 22784K [0x00000000d5580000, 0x00000000d6f00000, 0x0000000100000000)
  eden space 20992K, 100% used [0x00000000d5580000,0x00000000d6a00000,0x00000000d6a00000)
  from space 2048K, 87% used [0x00000000d6d00000,0x00000000d6ec0020,0x00000000d6f00000)
  to   space 2048K, 0% used [0x00000000d6b00000,0x00000000d6b00000,0x00000000d6d00000)
 ParOldGen       total 68608K, used 49537K [0x0000000080000000, 0x0000000084300000, 0x00000000d5580000)
  object space 68608K, 72% used [0x0000000080000000,0x0000000083060698,0x0000000084300000)
 Metaspace       used 56605K, committed 57920K, reserved 1114112K
  class space    used 6134K, committed 6656K, reserved 1048576K
}
Event: 375.578 GC heap after
{Heap after GC invocations=35 (full 2):
 PSYoungGen      total 22528K, used 1056K [0x00000000d5580000, 0x00000000d6d80000, 0x0000000100000000)
  eden space 20992K, 0% used [0x00000000d5580000,0x00000000d5580000,0x00000000d6a00000)
  from space 1536K, 68% used [0x00000000d6b00000,0x00000000d6c08000,0x00000000d6c80000)
  to   space 1024K, 0% used [0x00000000d6c80000,0x00000000d6c80000,0x00000000d6d80000)
 ParOldGen       total 68608K, used 50200K [0x0000000080000000, 0x0000000084300000, 0x00000000d5580000)
  object space 68608K, 73% used [0x0000000080000000,0x00000000831062c8,0x0000000084300000)
 Metaspace       used 56605K, committed 57920K, reserved 1114112K
  class space    used 6134K, committed 6656K, reserved 1048576K
}
Event: 402.088 GC heap before
{Heap before GC invocations=36 (full 2):
 PSYoungGen      total 22528K, used 22048K [0x00000000d5580000, 0x00000000d6d80000, 0x0000000100000000)
  eden space 20992K, 100% used [0x00000000d5580000,0x00000000d6a00000,0x00000000d6a00000)
  from space 1536K, 68% used [0x00000000d6b00000,0x00000000d6c08000,0x00000000d6c80000)
  to   space 1024K, 0% used [0x00000000d6c80000,0x00000000d6c80000,0x00000000d6d80000)
 ParOldGen       total 68608K, used 50200K [0x0000000080000000, 0x0000000084300000, 0x00000000d5580000)
  object space 68608K, 73% used [0x0000000080000000,0x00000000831062c8,0x0000000084300000)
 Metaspace       used 56953K, committed 58240K, reserved 1114112K
  class space    used 6169K, committed 6720K, reserved 1048576K
}
Event: 402.092 GC heap after
{Heap after GC invocations=36 (full 2):
 PSYoungGen      total 22016K, used 551K [0x00000000d5580000, 0x00000000d6d80000, 0x0000000100000000)
  eden space 20992K, 0% used [0x00000000d5580000,0x00000000d5580000,0x00000000d6a00000)
  from space 1024K, 53% used [0x00000000d6c80000,0x00000000d6d09fb8,0x00000000d6d80000)
  to   space 1024K, 0% used [0x00000000d6b80000,0x00000000d6b80000,0x00000000d6c80000)
 ParOldGen       total 68608K, used 51128K [0x0000000080000000, 0x0000000084300000, 0x00000000d5580000)
  object space 68608K, 74% used [0x0000000080000000,0x00000000831ee2c8,0x0000000084300000)
 Metaspace       used 56953K, committed 58240K, reserved 1114112K
  class space    used 6169K, committed 6720K, reserved 1048576K
}
Event: 402.947 GC heap before
{Heap before GC invocations=37 (full 2):
 PSYoungGen      total 22016K, used 21543K [0x00000000d5580000, 0x00000000d6d80000, 0x0000000100000000)
  eden space 20992K, 100% used [0x00000000d5580000,0x00000000d6a00000,0x00000000d6a00000)
  from space 1024K, 53% used [0x00000000d6c80000,0x00000000d6d09fb8,0x00000000d6d80000)
  to   space 1024K, 0% used [0x00000000d6b80000,0x00000000d6b80000,0x00000000d6c80000)
 ParOldGen       total 68608K, used 51128K [0x0000000080000000, 0x0000000084300000, 0x00000000d5580000)
  object space 68608K, 74% used [0x0000000080000000,0x00000000831ee2c8,0x0000000084300000)
 Metaspace       used 57164K, committed 58432K, reserved 1114112K
  class space    used 6191K, committed 6720K, reserved 1048576K
}
Event: 402.949 GC heap after
{Heap after GC invocations=37 (full 2):
 PSYoungGen      total 22016K, used 868K [0x00000000d5580000, 0x00000000d6d00000, 0x0000000100000000)
  eden space 20992K, 0% used [0x00000000d5580000,0x00000000d5580000,0x00000000d6a00000)
  from space 1024K, 84% used [0x00000000d6b80000,0x00000000d6c593e8,0x00000000d6c80000)
  to   space 512K, 0% used [0x00000000d6c80000,0x00000000d6c80000,0x00000000d6d00000)
 ParOldGen       total 68608K, used 51432K [0x0000000080000000, 0x0000000084300000, 0x00000000d5580000)
  object space 68608K, 74% used [0x0000000080000000,0x000000008323a2e8,0x0000000084300000)
 Metaspace       used 57164K, committed 58432K, reserved 1114112K
  class space    used 6191K, committed 6720K, reserved 1048576K
}
Event: 403.496 GC heap before
{Heap before GC invocations=38 (full 2):
 PSYoungGen      total 22016K, used 21860K [0x00000000d5580000, 0x00000000d6d00000, 0x0000000100000000)
  eden space 20992K, 100% used [0x00000000d5580000,0x00000000d6a00000,0x00000000d6a00000)
  from space 1024K, 84% used [0x00000000d6b80000,0x00000000d6c593e8,0x00000000d6c80000)
  to   space 512K, 0% used [0x00000000d6c80000,0x00000000d6c80000,0x00000000d6d00000)
 ParOldGen       total 68608K, used 51432K [0x0000000080000000, 0x0000000084300000, 0x00000000d5580000)
  object space 68608K, 74% used [0x0000000080000000,0x000000008323a2e8,0x0000000084300000)
 Metaspace       used 57171K, committed 58432K, reserved 1114112K
  class space    used 6191K, committed 6720K, reserved 1048576K
}
Event: 403.499 GC heap after
{Heap after GC invocations=38 (full 2):
 PSYoungGen      total 21504K, used 256K [0x00000000d5580000, 0x00000000d6d00000, 0x0000000100000000)
  eden space 20992K, 0% used [0x00000000d5580000,0x00000000d5580000,0x00000000d6a00000)
  from space 512K, 50% used [0x00000000d6c80000,0x00000000d6cc0000,0x00000000d6d00000)
  to   space 512K, 0% used [0x00000000d6c00000,0x00000000d6c00000,0x00000000d6c80000)
 ParOldGen       total 68608K, used 51960K [0x0000000080000000, 0x0000000084300000, 0x00000000d5580000)
  object space 68608K, 75% used [0x0000000080000000,0x00000000832be2e8,0x0000000084300000)
 Metaspace       used 57171K, committed 58432K, reserved 1114112K
  class space    used 6191K, committed 6720K, reserved 1048576K
}
Event: 408.976 GC heap before
{Heap before GC invocations=39 (full 2):
 PSYoungGen      total 21504K, used 21248K [0x00000000d5580000, 0x00000000d6d00000, 0x0000000100000000)
  eden space 20992K, 100% used [0x00000000d5580000,0x00000000d6a00000,0x00000000d6a00000)
  from space 512K, 50% used [0x00000000d6c80000,0x00000000d6cc0000,0x00000000d6d00000)
  to   space 512K, 0% used [0x00000000d6c00000,0x00000000d6c00000,0x00000000d6c80000)
 ParOldGen       total 68608K, used 51960K [0x0000000080000000, 0x0000000084300000, 0x00000000d5580000)
  object space 68608K, 75% used [0x0000000080000000,0x00000000832be2e8,0x0000000084300000)
 Metaspace       used 57184K, committed 58432K, reserved 1114112K
  class space    used 6191K, committed 6720K, reserved 1048576K
}
Event: 408.978 GC heap after
{Heap after GC invocations=39 (full 2):
 PSYoungGen      total 21504K, used 423K [0x00000000d5580000, 0x00000000d6d00000, 0x0000000100000000)
  eden space 20992K, 0% used [0x00000000d5580000,0x00000000d5580000,0x00000000d6a00000)
  from space 512K, 82% used [0x00000000d6c00000,0x00000000d6c69c68,0x00000000d6c80000)
  to   space 512K, 0% used [0x00000000d6c80000,0x00000000d6c80000,0x00000000d6d00000)
 ParOldGen       total 68608K, used 52792K [0x0000000080000000, 0x0000000084300000, 0x00000000d5580000)
  object space 68608K, 76% used [0x0000000080000000,0x000000008338e3f0,0x0000000084300000)
 Metaspace       used 57184K, committed 58432K, reserved 1114112K
  class space    used 6191K, committed 6720K, reserved 1048576K
}
Event: 409.311 GC heap before
{Heap before GC invocations=40 (full 2):
 PSYoungGen      total 21504K, used 21415K [0x00000000d5580000, 0x00000000d6d00000, 0x0000000100000000)
  eden space 20992K, 100% used [0x00000000d5580000,0x00000000d6a00000,0x00000000d6a00000)
  from space 512K, 82% used [0x00000000d6c00000,0x00000000d6c69c68,0x00000000d6c80000)
  to   space 512K, 0% used [0x00000000d6c80000,0x00000000d6c80000,0x00000000d6d00000)
 ParOldGen       total 68608K, used 52792K [0x0000000080000000, 0x0000000084300000, 0x00000000d5580000)
  object space 68608K, 76% used [0x0000000080000000,0x000000008338e3f0,0x0000000084300000)
 Metaspace       used 57184K, committed 58432K, reserved 1114112K
  class space    used 6191K, committed 6720K, reserved 1048576K
}
Event: 409.314 GC heap after
{Heap after GC invocations=40 (full 2):
 PSYoungGen      total 21504K, used 512K [0x00000000d5580000, 0x00000000d6d00000, 0x0000000100000000)
  eden space 20992K, 0% used [0x00000000d5580000,0x00000000d5580000,0x00000000d6a00000)
  from space 512K, 100% used [0x00000000d6c80000,0x00000000d6d00000,0x00000000d6d00000)
  to   space 1536K, 0% used [0x00000000d6a00000,0x00000000d6a00000,0x00000000d6b80000)
 ParOldGen       total 68608K, used 53563K [0x0000000080000000, 0x0000000084300000, 0x00000000d5580000)
  object space 68608K, 78% used [0x0000000080000000,0x000000008344efd0,0x0000000084300000)
 Metaspace       used 57184K, committed 58432K, reserved 1114112K
  class space    used 6191K, committed 6720K, reserved 1048576K
}
Event: 416.905 GC heap before
{Heap before GC invocations=41 (full 2):
 PSYoungGen      total 21504K, used 21504K [0x00000000d5580000, 0x00000000d6d00000, 0x0000000100000000)
  eden space 20992K, 100% used [0x00000000d5580000,0x00000000d6a00000,0x00000000d6a00000)
  from space 512K, 100% used [0x00000000d6c80000,0x00000000d6d00000,0x00000000d6d00000)
  to   space 1536K, 0% used [0x00000000d6a00000,0x00000000d6a00000,0x00000000d6b80000)
 ParOldGen       total 68608K, used 53563K [0x0000000080000000, 0x0000000084300000, 0x00000000d5580000)
  object space 68608K, 78% used [0x0000000080000000,0x000000008344efd0,0x0000000084300000)
 Metaspace       used 57202K, committed 58560K, reserved 1114112K
  class space    used 6194K, committed 6784K, reserved 1048576K
}
Event: 416.911 GC heap after
{Heap after GC invocations=41 (full 2):
 PSYoungGen      total 22528K, used 448K [0x00000000d5580000, 0x00000000d6d00000, 0x0000000100000000)
  eden space 20992K, 0% used [0x00000000d5580000,0x00000000d5580000,0x00000000d6a00000)
  from space 1536K, 29% used [0x00000000d6a00000,0x00000000d6a70000,0x00000000d6b80000)
  to   space 1024K, 0% used [0x00000000d6c00000,0x00000000d6c00000,0x00000000d6d00000)
 ParOldGen       total 68608K, used 54083K [0x0000000080000000, 0x0000000084300000, 0x00000000d5580000)
  object space 68608K, 78% used [0x0000000080000000,0x00000000834d0fe0,0x0000000084300000)
 Metaspace       used 57202K, committed 58560K, reserved 1114112K
  class space    used 6194K, committed 6784K, reserved 1048576K
}
Event: 417.424 GC heap before
{Heap before GC invocations=42 (full 2):
 PSYoungGen      total 22528K, used 21440K [0x00000000d5580000, 0x00000000d6d00000, 0x0000000100000000)
  eden space 20992K, 100% used [0x00000000d5580000,0x00000000d6a00000,0x00000000d6a00000)
  from space 1536K, 29% used [0x00000000d6a00000,0x00000000d6a70000,0x00000000d6b80000)
  to   space 1024K, 0% used [0x00000000d6c00000,0x00000000d6c00000,0x00000000d6d00000)
 ParOldGen       total 68608K, used 54083K [0x0000000080000000, 0x0000000084300000, 0x00000000d5580000)
  object space 68608K, 78% used [0x0000000080000000,0x00000000834d0fe0,0x0000000084300000)
 Metaspace       used 57320K, committed 58624K, reserved 1114112K
  class space    used 6207K, committed 6784K, reserved 1048576K
}
Event: 417.427 GC heap after
{Heap after GC invocations=42 (full 2):
 PSYoungGen      total 21504K, used 434K [0x00000000d5580000, 0x00000000d6c80000, 0x0000000100000000)
  eden space 20992K, 0% used [0x00000000d5580000,0x00000000d5580000,0x00000000d6a00000)
  from space 512K, 84% used [0x00000000d6c00000,0x00000000d6c6c940,0x00000000d6c80000)
  to   space 512K, 0% used [0x00000000d6b80000,0x00000000d6b80000,0x00000000d6c00000)
 ParOldGen       total 68608K, used 54419K [0x0000000080000000, 0x0000000084300000, 0x00000000d5580000)
  object space 68608K, 79% used [0x0000000080000000,0x0000000083524fe0,0x0000000084300000)
 Metaspace       used 57320K, committed 58624K, reserved 1114112K
  class space    used 6207K, committed 6784K, reserved 1048576K
}
Event: 417.896 GC heap before
{Heap before GC invocations=43 (full 2):
 PSYoungGen      total 21504K, used 21426K [0x00000000d5580000, 0x00000000d6c80000, 0x0000000100000000)
  eden space 20992K, 100% used [0x00000000d5580000,0x00000000d6a00000,0x00000000d6a00000)
  from space 512K, 84% used [0x00000000d6c00000,0x00000000d6c6c940,0x00000000d6c80000)
  to   space 512K, 0% used [0x00000000d6b80000,0x00000000d6b80000,0x00000000d6c00000)
 ParOldGen       total 68608K, used 54419K [0x0000000080000000, 0x0000000084300000, 0x00000000d5580000)
  object space 68608K, 79% used [0x0000000080000000,0x0000000083524fe0,0x0000000084300000)
 Metaspace       used 57327K, committed 58688K, reserved 1114112K
  class space    used 6207K, committed 6784K, reserved 1048576K
}
Event: 417.901 GC heap after
{Heap after GC invocations=43 (full 2):
 PSYoungGen      total 21504K, used 503K [0x00000000d5580000, 0x00000000d6f00000, 0x0000000100000000)
  eden space 20992K, 0% used [0x00000000d5580000,0x00000000d5580000,0x00000000d6a00000)
  from space 512K, 98% used [0x00000000d6b80000,0x00000000d6bfdc78,0x00000000d6c00000)
  to   space 2560K, 0% used [0x00000000d6c80000,0x00000000d6c80000,0x00000000d6f00000)
 ParOldGen       total 68608K, used 55950K [0x0000000080000000, 0x0000000084300000, 0x00000000d5580000)
  object space 68608K, 81% used [0x0000000080000000,0x00000000836a39e8,0x0000000084300000)
 Metaspace       used 57327K, committed 58688K, reserved 1114112K
  class space    used 6207K, committed 6784K, reserved 1048576K
}
Event: 418.240 GC heap before
{Heap before GC invocations=44 (full 2):
 PSYoungGen      total 21504K, used 21495K [0x00000000d5580000, 0x00000000d6f00000, 0x0000000100000000)
  eden space 20992K, 100% used [0x00000000d5580000,0x00000000d6a00000,0x00000000d6a00000)
  from space 512K, 98% used [0x00000000d6b80000,0x00000000d6bfdc78,0x00000000d6c00000)
  to   space 2560K, 0% used [0x00000000d6c80000,0x00000000d6c80000,0x00000000d6f00000)
 ParOldGen       total 68608K, used 55950K [0x0000000080000000, 0x0000000084300000, 0x00000000d5580000)
  object space 68608K, 81% used [0x0000000080000000,0x00000000836a39e8,0x0000000084300000)
 Metaspace       used 57395K, committed 58752K, reserved 1114112K
  class space    used 6211K, committed 6784K, reserved 1048576K
}
Event: 418.243 GC heap after
{Heap after GC invocations=44 (full 2):
 PSYoungGen      total 21504K, used 224K [0x00000000d5580000, 0x00000000d6d00000, 0x0000000100000000)
  eden space 20992K, 0% used [0x00000000d5580000,0x00000000d5580000,0x00000000d6a00000)
  from space 512K, 43% used [0x00000000d6c80000,0x00000000d6cb8000,0x00000000d6d00000)
  to   space 1024K, 0% used [0x00000000d6b00000,0x00000000d6b00000,0x00000000d6c00000)
 ParOldGen       total 68608K, used 56118K [0x0000000080000000, 0x0000000084300000, 0x00000000d5580000)
  object space 68608K, 81% used [0x0000000080000000,0x00000000836cd9f8,0x0000000084300000)
 Metaspace       used 57395K, committed 58752K, reserved 1114112K
  class space    used 6211K, committed 6784K, reserved 1048576K
}

